<?xml version="1.0" encoding="utf-8"?><testsuites name="pytest tests"><testsuite name="pytest" errors="0" failures="0" skipped="0" tests="17" time="4.081" timestamp="2026-04-12T18:28:40.236153+00:00" hostname="agent-env-f53f4096-a584-4bb0-bd6f-1b6ee4b7651e"><testcase classname="tests.test_meeturmate_api.TestAuth" name="test_register_user_1" time="0.540" /><testcase classname="tests.test_meeturmate_api.TestAuth" name="test_register_user_2" time="0.356" /><testcase classname="tests.test_meeturmate_api.TestAuth" name="test_register_duplicate_email" time="0.157" /><testcase classname="tests.test_meeturmate_api.TestAuth" name="test_login_success" time="0.360" /><testcase classname="tests.test_meeturmate_api.TestAuth" name="test_login_wrong_password" time="0.408" /><testcase classname="tests.test_meeturmate_api.TestAuth" name="test_get_current_user" time="0.140" /><testcase classname="tests.test_meeturmate_api.TestQuestionnaire" name="test_get_questions" time="0.100" /><testcase classname="tests.test_meeturmate_api.TestQuestionnaire" name="test_submit_questionnaire_user_1" time="0.171" /><testcase classname="tests.test_meeturmate_api.TestQuestionnaire" name="test_submit_questionnaire_user_2" time="0.139" /><testcase classname="tests.test_meeturmate_api.TestMatches" name="test_find_matches_user_1" time="0.104" /><testcase classname="tests.test_meeturmate_api.TestMatches" name="test_find_matches_with_filters" time="0.102" /><testcase classname="tests.test_meeturmate_api.TestMatches" name="test_get_matches" time="0.106" /><testcase classname="tests.test_meeturmate_api.TestChat" name="test_send_first_message" time="0.097" /><testcase classname="tests.test_meeturmate_api.TestChat" name="test_get_conversations" time="0.105" /><testcase classname="tests.test_meeturmate_api.TestChat" name="test_get_messages_in_conversation" time="0.158" /><testcase classname="tests.test_meeturmate_api.TestChat" name="test_free_user_chat_limit" time="0.719" /><testcase classname="tests.test_meeturmate_api.TestProfile" name="test_update_profile" time="0.215" /></testsuite></testsuites>